[debug] [2024-02-22T19:55:31.860Z] ----------------------------------------------------------------------
[debug] [2024-02-22T19:55:31.862Z] Command:       C:\Program Files\nodejs\node.exe C:\Program Files\nodejs\node_modules\firebase-tools\lib\bin\firebase.js init hosting
[debug] [2024-02-22T19:55:31.863Z] CLI Version:   13.3.1
[debug] [2024-02-22T19:55:31.863Z] Platform:      win32
[debug] [2024-02-22T19:55:31.863Z] Node Version:  v18.18.0
[debug] [2024-02-22T19:55:31.864Z] Time:          Thu Feb 22 2024 11:55:31 GMT-0800 (Pacific Standard Time)
[debug] [2024-02-22T19:55:31.864Z] ----------------------------------------------------------------------
[debug] 
[debug] [2024-02-22T19:55:31.871Z] > command requires scopes: ["email","openid","https://www.googleapis.com/auth/cloudplatformprojects.readonly","https://www.googleapis.com/auth/firebase","https://www.googleapis.com/auth/cloud-platform"]
[debug] [2024-02-22T19:55:31.871Z] > authorizing via signed-in user (joshjbarba@gmail.com)
[info] 
     ######## #### ########  ######## ########     ###     ######  ########
     ##        ##  ##     ## ##       ##     ##  ##   ##  ##       ##
     ######    ##  ########  ######   ########  #########  ######  ######
     ##        ##  ##    ##  ##       ##     ## ##     ##       ## ##
     ##       #### ##     ## ######## ########  ##     ##  ######  ########

You're about to initialize a Firebase project in this directory:

  C:\Users\carre\OneDrive\Documents\GitHub\Online-Autho

[info] 
=== Project Setup
[info] 
[info] First, let's associate this project directory with a Firebase project.
[info] You can create multiple project aliases by running firebase use --add, 
[info] but for now we'll just set up a default project.
[info] 
[info] i  If you want to create a project in a Google Cloud organization or folder, please use "firebase projects:create" instead, and return to this command when you've created the project. 
[debug] [2024-02-22T19:55:56.395Z] >>> [apiv2][query] POST https://cloudresourcemanager.googleapis.com/v1/projects [none]
[debug] [2024-02-22T19:55:56.395Z] >>> [apiv2][body] POST https://cloudresourcemanager.googleapis.com/v1/projects {"projectId":"online-autho","name":"online-autho"}
[debug] [2024-02-22T19:55:58.865Z] <<< [apiv2][status] POST https://cloudresourcemanager.googleapis.com/v1/projects 409
[debug] [2024-02-22T19:55:58.866Z] <<< [apiv2][body] POST https://cloudresourcemanager.googleapis.com/v1/projects {"error":{"code":409,"message":"Requested entity already exists","status":"ALREADY_EXISTS"}}
[debug] [2024-02-22T19:55:59.024Z] FirebaseError: HTTP Error: 409, Requested entity already exists
    at responseToError (C:\Users\carre\AppData\Roaming\nvm\v18.18.0\node_modules\firebase-tools\lib\responseToError.js:49:12)
    at RetryOperation._fn (C:\Users\carre\AppData\Roaming\nvm\v18.18.0\node_modules\firebase-tools\lib\apiv2.js:292:77)
    at process.processTicksAndRejections (node:internal/process/task_queues:95:5)
[error] 
[error] Error: Failed to create project because there is already a project with ID online-autho. Please try again with a unique project ID.
[debug] [2024-02-22T19:56:11.090Z] ----------------------------------------------------------------------
[debug] [2024-02-22T19:56:11.091Z] Command:       C:\Program Files\nodejs\node.exe C:\Program Files\nodejs\node_modules\firebase-tools\lib\bin\firebase.js init hosting
[debug] [2024-02-22T19:56:11.092Z] CLI Version:   13.3.1
[debug] [2024-02-22T19:56:11.092Z] Platform:      win32
[debug] [2024-02-22T19:56:11.092Z] Node Version:  v18.18.0
[debug] [2024-02-22T19:56:11.093Z] Time:          Thu Feb 22 2024 11:56:11 GMT-0800 (Pacific Standard Time)
[debug] [2024-02-22T19:56:11.093Z] ----------------------------------------------------------------------
[debug] 
[debug] [2024-02-22T19:56:11.099Z] > command requires scopes: ["email","openid","https://www.googleapis.com/auth/cloudplatformprojects.readonly","https://www.googleapis.com/auth/firebase","https://www.googleapis.com/auth/cloud-platform"]
[debug] [2024-02-22T19:56:11.099Z] > authorizing via signed-in user (joshjbarba@gmail.com)
[info] 
     ######## #### ########  ######## ########     ###     ######  ########
     ##        ##  ##     ## ##       ##     ##  ##   ##  ##       ##
     ######    ##  ########  ######   ########  #########  ######  ######
     ##        ##  ##    ##  ##       ##     ## ##     ##       ## ##
     ##       #### ##     ## ######## ########  ##     ##  ######  ########

You're about to initialize a Firebase project in this directory:

  C:\Users\carre\OneDrive\Documents\GitHub\Online-Autho

[info] 
=== Project Setup
[info] 
[info] First, let's associate this project directory with a Firebase project.
[info] You can create multiple project aliases by running firebase use --add, 
[info] but for now we'll just set up a default project.
[info] 
[info] i  If you want to create a project in a Google Cloud organization or folder, please use "firebase projects:create" instead, and return to this command when you've created the project. 
[debug] [2024-02-22T19:56:32.229Z] >>> [apiv2][query] POST https://cloudresourcemanager.googleapis.com/v1/projects [none]
[debug] [2024-02-22T19:56:32.230Z] >>> [apiv2][body] POST https://cloudresourcemanager.googleapis.com/v1/projects {"projectId":"fjMercedes Online Authos","name":"Online-Authos"}
[debug] [2024-02-22T19:56:37.055Z] <<< [apiv2][status] POST https://cloudresourcemanager.googleapis.com/v1/projects 400
[debug] [2024-02-22T19:56:37.055Z] <<< [apiv2][body] POST https://cloudresourcemanager.googleapis.com/v1/projects {"error":{"code":400,"message":"field [project_id] has issue [project_id contains invalid characters]","status":"INVALID_ARGUMENT","details":[{"@type":"type.googleapis.com/google.rpc.BadRequest","fieldViolations":[{"field":"project_id","description":"project_id contains invalid characters"}]},{"@type":"type.googleapis.com/google.rpc.Help","links":[{"url":"https://cloud.google.com/resource-manager/reference/rest/v1/projects"}]}]}}
[debug] [2024-02-22T19:56:37.201Z] FirebaseError: HTTP Error: 400, field [project_id] has issue [project_id contains invalid characters]
    at responseToError (C:\Users\carre\AppData\Roaming\nvm\v18.18.0\node_modules\firebase-tools\lib\responseToError.js:49:12)
    at RetryOperation._fn (C:\Users\carre\AppData\Roaming\nvm\v18.18.0\node_modules\firebase-tools\lib\apiv2.js:292:77)
    at process.processTicksAndRejections (node:internal/process/task_queues:95:5)
[error] 
[error] Error: Failed to create project. See firebase-debug.log for more info.
[debug] [2024-02-22T19:57:22.293Z] ----------------------------------------------------------------------
[debug] [2024-02-22T19:57:22.295Z] Command:       C:\Program Files\nodejs\node.exe C:\Program Files\nodejs\node_modules\firebase-tools\lib\bin\firebase.js init hosting
[debug] [2024-02-22T19:57:22.295Z] CLI Version:   13.3.1
[debug] [2024-02-22T19:57:22.295Z] Platform:      win32
[debug] [2024-02-22T19:57:22.295Z] Node Version:  v18.18.0
[debug] [2024-02-22T19:57:22.296Z] Time:          Thu Feb 22 2024 11:57:22 GMT-0800 (Pacific Standard Time)
[debug] [2024-02-22T19:57:22.296Z] ----------------------------------------------------------------------
[debug] 
[debug] [2024-02-22T19:57:22.302Z] > command requires scopes: ["email","openid","https://www.googleapis.com/auth/cloudplatformprojects.readonly","https://www.googleapis.com/auth/firebase","https://www.googleapis.com/auth/cloud-platform"]
[debug] [2024-02-22T19:57:22.303Z] > authorizing via signed-in user (joshjbarba@gmail.com)
[info] 
     ######## #### ########  ######## ########     ###     ######  ########
     ##        ##  ##     ## ##       ##     ##  ##   ##  ##       ##
     ######    ##  ########  ######   ########  #########  ######  ######
     ##        ##  ##    ##  ##       ##     ## ##     ##       ## ##
     ##       #### ##     ## ######## ########  ##     ##  ######  ########

You're about to initialize a Firebase project in this directory:

  C:\Users\carre\OneDrive\Documents\GitHub\Online-Autho

[info] 
=== Project Setup
[info] 
[info] First, let's associate this project directory with a Firebase project.
[info] You can create multiple project aliases by running firebase use --add, 
[info] but for now we'll just set up a default project.
[info] 
[info] i  If you want to create a project in a Google Cloud organization or folder, please use "firebase projects:create" instead, and return to this command when you've created the project. 
[debug] [2024-02-22T19:57:39.075Z] >>> [apiv2][query] POST https://cloudresourcemanager.googleapis.com/v1/projects [none]
[debug] [2024-02-22T19:57:39.076Z] >>> [apiv2][body] POST https://cloudresourcemanager.googleapis.com/v1/projects {"projectId":"FJMercedesOnlineAutho","name":"Online-Autho"}
[debug] [2024-02-22T19:57:39.643Z] <<< [apiv2][status] POST https://cloudresourcemanager.googleapis.com/v1/projects 400
[debug] [2024-02-22T19:57:39.643Z] <<< [apiv2][body] POST https://cloudresourcemanager.googleapis.com/v1/projects {"error":{"code":400,"message":"field [project_id] has issue [project_id contains invalid characters]","status":"INVALID_ARGUMENT","details":[{"@type":"type.googleapis.com/google.rpc.BadRequest","fieldViolations":[{"field":"project_id","description":"project_id contains invalid characters"}]},{"@type":"type.googleapis.com/google.rpc.Help","links":[{"url":"https://cloud.google.com/resource-manager/reference/rest/v1/projects"}]}]}}
[debug] [2024-02-22T19:57:39.757Z] FirebaseError: HTTP Error: 400, field [project_id] has issue [project_id contains invalid characters]
    at responseToError (C:\Users\carre\AppData\Roaming\nvm\v18.18.0\node_modules\firebase-tools\lib\responseToError.js:49:12)
    at RetryOperation._fn (C:\Users\carre\AppData\Roaming\nvm\v18.18.0\node_modules\firebase-tools\lib\apiv2.js:292:77)
    at process.processTicksAndRejections (node:internal/process/task_queues:95:5)
[error] 
[error] Error: Failed to create project. See firebase-debug.log for more info.
[debug] [2024-02-22T19:57:59.455Z] ----------------------------------------------------------------------
[debug] [2024-02-22T19:57:59.456Z] Command:       C:\Program Files\nodejs\node.exe C:\Program Files\nodejs\node_modules\firebase-tools\lib\bin\firebase.js init hosting
[debug] [2024-02-22T19:57:59.457Z] CLI Version:   13.3.1
[debug] [2024-02-22T19:57:59.457Z] Platform:      win32
[debug] [2024-02-22T19:57:59.457Z] Node Version:  v18.18.0
[debug] [2024-02-22T19:57:59.458Z] Time:          Thu Feb 22 2024 11:57:59 GMT-0800 (Pacific Standard Time)
[debug] [2024-02-22T19:57:59.458Z] ----------------------------------------------------------------------
[debug] 
[debug] [2024-02-22T19:57:59.473Z] > command requires scopes: ["email","openid","https://www.googleapis.com/auth/cloudplatformprojects.readonly","https://www.googleapis.com/auth/firebase","https://www.googleapis.com/auth/cloud-platform"]
[debug] [2024-02-22T19:57:59.473Z] > authorizing via signed-in user (joshjbarba@gmail.com)
[info] 
     ######## #### ########  ######## ########     ###     ######  ########
     ##        ##  ##     ## ##       ##     ##  ##   ##  ##       ##
     ######    ##  ########  ######   ########  #########  ######  ######
     ##        ##  ##    ##  ##       ##     ## ##     ##       ## ##
     ##       #### ##     ## ######## ########  ##     ##  ######  ########

You're about to initialize a Firebase project in this directory:

  C:\Users\carre\OneDrive\Documents\GitHub\Online-Autho

[info] 
=== Project Setup
[info] 
[info] First, let's associate this project directory with a Firebase project.
[info] You can create multiple project aliases by running firebase use --add, 
[info] but for now we'll just set up a default project.
[info] 
[info] i  If you want to create a project in a Google Cloud organization or folder, please use "firebase projects:create" instead, and return to this command when you've created the project. 
[debug] [2024-02-22T19:59:04.058Z] >>> [apiv2][query] POST https://cloudresourcemanager.googleapis.com/v1/projects [none]
[debug] [2024-02-22T19:59:04.058Z] >>> [apiv2][body] POST https://cloudresourcemanager.googleapis.com/v1/projects {"projectId":"185448563832","name":"Online-Autho"}
[debug] [2024-02-22T19:59:06.183Z] <<< [apiv2][status] POST https://cloudresourcemanager.googleapis.com/v1/projects 400
[debug] [2024-02-22T19:59:06.184Z] <<< [apiv2][body] POST https://cloudresourcemanager.googleapis.com/v1/projects {"error":{"code":400,"message":"field [project_id] has issue [project_id contains invalid characters]","status":"INVALID_ARGUMENT","details":[{"@type":"type.googleapis.com/google.rpc.BadRequest","fieldViolations":[{"field":"project_id","description":"project_id contains invalid characters"}]},{"@type":"type.googleapis.com/google.rpc.Help","links":[{"url":"https://cloud.google.com/resource-manager/reference/rest/v1/projects"}]}]}}
[debug] [2024-02-22T19:59:06.571Z] FirebaseError: HTTP Error: 400, field [project_id] has issue [project_id contains invalid characters]
    at responseToError (C:\Users\carre\AppData\Roaming\nvm\v18.18.0\node_modules\firebase-tools\lib\responseToError.js:49:12)
    at RetryOperation._fn (C:\Users\carre\AppData\Roaming\nvm\v18.18.0\node_modules\firebase-tools\lib\apiv2.js:292:77)
    at process.processTicksAndRejections (node:internal/process/task_queues:95:5)
[error] 
[error] Error: Failed to create project. See firebase-debug.log for more info.
[debug] [2024-02-22T19:59:18.753Z] ----------------------------------------------------------------------
[debug] [2024-02-22T19:59:18.755Z] Command:       C:\Program Files\nodejs\node.exe C:\Program Files\nodejs\node_modules\firebase-tools\lib\bin\firebase.js init hosting
[debug] [2024-02-22T19:59:18.755Z] CLI Version:   13.3.1
[debug] [2024-02-22T19:59:18.755Z] Platform:      win32
[debug] [2024-02-22T19:59:18.755Z] Node Version:  v18.18.0
[debug] [2024-02-22T19:59:18.756Z] Time:          Thu Feb 22 2024 11:59:18 GMT-0800 (Pacific Standard Time)
[debug] [2024-02-22T19:59:18.756Z] ----------------------------------------------------------------------
[debug] 
[debug] [2024-02-22T19:59:18.762Z] > command requires scopes: ["email","openid","https://www.googleapis.com/auth/cloudplatformprojects.readonly","https://www.googleapis.com/auth/firebase","https://www.googleapis.com/auth/cloud-platform"]
[debug] [2024-02-22T19:59:18.763Z] > authorizing via signed-in user (joshjbarba@gmail.com)
[info] 
     ######## #### ########  ######## ########     ###     ######  ########
     ##        ##  ##     ## ##       ##     ##  ##   ##  ##       ##
     ######    ##  ########  ######   ########  #########  ######  ######
     ##        ##  ##    ##  ##       ##     ## ##     ##       ## ##
     ##       #### ##     ## ######## ########  ##     ##  ######  ########

You're about to initialize a Firebase project in this directory:

  C:\Users\carre\OneDrive\Documents\GitHub\Online-Autho

[info] 
=== Project Setup
[info] 
[info] First, let's associate this project directory with a Firebase project.
[info] You can create multiple project aliases by running firebase use --add, 
[info] but for now we'll just set up a default project.
[info] 
[debug] [2024-02-22T19:59:22.544Z] >>> [apiv2][query] GET https://firebase.googleapis.com/v1beta1/projects pageSize=100
[debug] [2024-02-22T19:59:23.250Z] <<< [apiv2][status] GET https://firebase.googleapis.com/v1beta1/projects 200
[debug] [2024-02-22T19:59:23.251Z] <<< [apiv2][body] GET https://firebase.googleapis.com/v1beta1/projects [omitted]
[info] i  Using project online-autho (Online-Autho) 
[info] 
=== Hosting Setup
[debug] [2024-02-22T19:59:25.796Z] >>> [apiv2][query] GET https://firebase.googleapis.com/v1beta1/projects/online-autho [none]
[debug] [2024-02-22T19:59:28.736Z] <<< [apiv2][status] GET https://firebase.googleapis.com/v1beta1/projects/online-autho 200
[debug] [2024-02-22T19:59:28.737Z] <<< [apiv2][body] GET https://firebase.googleapis.com/v1beta1/projects/online-autho {"projectId":"online-autho","projectNumber":"185448563832","displayName":"Online-Autho","name":"projects/online-autho","resources":{"hostingSite":"online-autho"},"state":"ACTIVE","etag":"1_86624db3-969e-4bf2-a239-c827807a9776"}
[info] 
[info] Your public directory is the folder (relative to your project directory) that
[info] will contain Hosting assets to be uploaded with firebase deploy. If you
[info] have a build process for your assets, use your build's output directory.
[info] 
[info] +  Wrote public/404.html 
[debug] [2024-02-22T19:59:48.687Z] >>> [apiv2][query] GET https://www.gstatic.com/firebasejs/releases.json [none]
[debug] [2024-02-22T19:59:48.912Z] <<< [apiv2][status] GET https://www.gstatic.com/firebasejs/releases.json 200
[debug] [2024-02-22T19:59:48.912Z] <<< [apiv2][body] GET https://www.gstatic.com/firebasejs/releases.json {"current":{"version":"10.8.0","browserURL":"https://www.gstatic.com/firebasejs/10.8.0/firebase.js","packageURL":"https://www.gstatic.com/firebasejs/10.8.0/firebase.tgz"},"live":{"version":"10.8","browserURL":"https://www.gstatic.com/firebasejs/live/10.8/firebase.js","packageURL":"https://www.gstatic.com/firebasejs/live/10.8/firebase.tgz"},"components":{"analytics":"https://www.gstatic.com/firebasejs/10.8.0/firebase-analytics.js","app":"https://www.gstatic.com/firebasejs/10.8.0/firebase-app.js","app-check":"https://www.gstatic.com/firebasejs/10.8.0/firebase-app-check.js","auth":"https://www.gstatic.com/firebasejs/10.8.0/firebase-auth.js","auth/cordova":"https://www.gstatic.com/firebasejs/10.8.0/firebase-auth/cordova.js","auth/web-extension":"https://www.gstatic.com/firebasejs/10.8.0/firebase-auth/web-extension.js","functions":"https://www.gstatic.com/firebasejs/10.8.0/firebase-functions.js","firestore":"https://www.gstatic.com/firebasejs/10.8.0/firebase-firestore.js","firestore/lite":"https://www.gstatic.com/firebasejs/10.8.0/firebase-firestore/lite.js","installations":"https://www.gstatic.com/firebasejs/10.8.0/firebase-installations.js","storage":"https://www.gstatic.com/firebasejs/10.8.0/firebase-storage.js","performance":"https://www.gstatic.com/firebasejs/10.8.0/firebase-performance.js","remote-config":"https://www.gstatic.com/firebasejs/10.8.0/firebase-remote-config.js","messaging":"https://www.gstatic.com/firebasejs/10.8.0/firebase-messaging.js","messaging/sw":"https://www.gstatic.com/firebasejs/10.8.0/firebase-messaging/sw.js","database":"https://www.gstatic.com/firebasejs/10.8.0/firebase-database.js","firestore.memory":"https://www.gstatic.com/firebasejs/10.8.0/firebase-firestore.memory.js"}}
[info] +  Wrote public/index.html 
[info] 
[info] i  Detected a .git folder at C:\Users\carre\OneDrive\Documents\GitHub\Online-Autho 
[info] i  Authorizing with GitHub to upload your service account to a GitHub repository's secrets store. 
[info] 
[info] Visit this URL on this device to log in:
[info] https://github.com/login/oauth/authorize?client_id=89cf50f02ac6aaed3484&state=410354529&redirect_uri=http%3A%2F%2Flocalhost%3A9005&scope=read%3Auser%20repo%20public_repo
[info] 
[info] Waiting for authentication...
[debug] [2024-02-22T20:00:23.143Z] >>> [apiv2][query] POST https://github.com/login/oauth/access_token [none]
[debug] [2024-02-22T20:00:23.143Z] >>> [apiv2][body] POST https://github.com/login/oauth/access_token [stream]
[debug] [2024-02-22T20:00:24.032Z] <<< [apiv2][status] POST https://github.com/login/oauth/access_token 200
[debug] [2024-02-22T20:00:24.033Z] <<< [apiv2][body] POST https://github.com/login/oauth/access_token {"access_token":"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","token_type":"bearer","scope":"read:user,repo"}
[debug] [2024-02-22T20:00:24.048Z] >>> [apiv2][query] GET https://api.github.com/user [none]
[debug] [2024-02-22T20:00:26.265Z] <<< [apiv2][status] GET https://api.github.com/user 200
[debug] [2024-02-22T20:00:26.265Z] <<< [apiv2][body] GET https://api.github.com/user {"login":"lazyjinn1","id":38089978,"node_id":"MDQ6VXNlcjM4MDg5OTc4","avatar_url":"https://avatars.githubusercontent.com/u/38089978?v=4","gravatar_id":"","url":"https://api.github.com/users/lazyjinn1","html_url":"https://github.com/lazyjinn1","followers_url":"https://api.github.com/users/lazyjinn1/followers","following_url":"https://api.github.com/users/lazyjinn1/following{/other_user}","gists_url":"https://api.github.com/users/lazyjinn1/gists{/gist_id}","starred_url":"https://api.github.com/users/lazyjinn1/starred{/owner}{/repo}","subscriptions_url":"https://api.github.com/users/lazyjinn1/subscriptions","organizations_url":"https://api.github.com/users/lazyjinn1/orgs","repos_url":"https://api.github.com/users/lazyjinn1/repos","events_url":"https://api.github.com/users/lazyjinn1/events{/privacy}","received_events_url":"https://api.github.com/users/lazyjinn1/received_events","type":"User","site_admin":false,"name":"Jeriko Carrera","company":null,"blog":"","location":"Los Angeles","email":null,"hireable":true,"bio":"Hello all! I'm a student for CareerFoundry excited to learn more and more about Web Development! 😃 ","twitter_username":null,"public_repos":7,"public_gists":0,"followers":0,"following":0,"created_at":"2018-04-05T01:11:51Z","updated_at":"2024-02-22T20:00:12Z","private_gists":0,"total_private_repos":3,"owned_private_repos":3,"disk_usage":185496,"collaborators":0,"two_factor_authentication":false,"plan":{"name":"pro","space":976562499,"collaborators":0,"private_repos":9999}}
[info] 
[info] +  Success! Logged into GitHub as lazyjinn1 
[info] 
[debug] [2024-02-22T20:00:43.540Z] >>> [apiv2][query] GET https://api.github.com/repos/lazyjinn1/online-autho/actions/secrets/public-key type=owner
[debug] [2024-02-22T20:00:43.956Z] <<< [apiv2][status] GET https://api.github.com/repos/lazyjinn1/online-autho/actions/secrets/public-key 404
[debug] [2024-02-22T20:00:43.957Z] <<< [apiv2][body] GET https://api.github.com/repos/lazyjinn1/online-autho/actions/secrets/public-key {"message":"Not Found","documentation_url":"https://docs.github.com/rest/actions/secrets#get-a-repository-public-key"}
[info] 
[info] 
[error] !  The provided authorization cannot be used with this repository. If this repository is in an organization, did you remember to grant access? 
[info] 
[info] i  Action required: Visit this URL to ensure access has been granted to the appropriate organization(s) for the Firebase CLI GitHub OAuth App: 
[info] https://github.com/settings/connections/applications/89cf50f02ac6aaed3484
[info] 
